[remote server] file:///tmp/webdriver-profile20130220-22013-1tan960/extensions/fxdriver@googlecode.com/components/command_processor.js:10296:in `unknown': Window not found. The browser window may have been closed. (Selenium::WebDriver::Error::NoSuchWindowError)
	from [remote server] file:///tmp/webdriver-profile20130220-22013-1tan960/extensions/fxdriver@googlecode.com/components/driver_component.js:7328:in `unknown'
	from [remote server] file:///tmp/webdriver-profile20130220-22013-1tan960/extensions/fxdriver@googlecode.com/components/driver_component.js:7488:in `unknown'
	from [remote server] file:///tmp/webdriver-profile20130220-22013-1tan960/extensions/fxdriver@googlecode.com/components/driver_component.js:7435:in `unknown'
	from [remote server] file:///tmp/webdriver-profile20130220-22013-1tan960/extensions/fxdriver@googlecode.com/components/driver_component.js:10123:in `unknown'
	from [remote server] file:///tmp/webdriver-profile20130220-22013-1tan960/extensions/fxdriver@googlecode.com/components/httpd.js:1935:in `unknown'
	from [remote server] file:///tmp/webdriver-profile20130220-22013-1tan960/extensions/fxdriver@googlecode.com/components/httpd.js:2261:in `unknown'
	from [remote server] file:///tmp/webdriver-profile20130220-22013-1tan960/extensions/fxdriver@googlecode.com/components/httpd.js:1168:in `unknown'
	from [remote server] file:///tmp/webdriver-profile20130220-22013-1tan960/extensions/fxdriver@googlecode.com/components/httpd.js:1616:in `unknown'
	from [remote server] file:///tmp/webdriver-profile20130220-22013-1tan960/extensions/fxdriver@googlecode.com/components/httpd.js:1464:in `unknown'
	from [remote server] file:///tmp/webdriver-profile20130220-22013-1tan960/extensions/fxdriver@googlecode.com/components/httpd.js:1333:in `unknown'
	from /Users/Jonathan/.rvm/rubies/ruby-1.9.3-p374/lib/ruby/gems/1.9.1/gems/selenium-webdriver-2.29.0/lib/selenium/webdriver/remote/response.rb:52:in `assert_ok'
	from /Users/Jonathan/.rvm/rubies/ruby-1.9.3-p374/lib/ruby/gems/1.9.1/gems/selenium-webdriver-2.29.0/lib/selenium/webdriver/remote/response.rb:15:in `initialize'
	from /Users/Jonathan/.rvm/rubies/ruby-1.9.3-p374/lib/ruby/gems/1.9.1/gems/selenium-webdriver-2.29.0/lib/selenium/webdriver/remote/http/common.rb:59:in `new'
	from /Users/Jonathan/.rvm/rubies/ruby-1.9.3-p374/lib/ruby/gems/1.9.1/gems/selenium-webdriver-2.29.0/lib/selenium/webdriver/remote/http/common.rb:59:in `create_response'
	from /Users/Jonathan/.rvm/rubies/ruby-1.9.3-p374/lib/ruby/gems/1.9.1/gems/selenium-webdriver-2.29.0/lib/selenium/webdriver/remote/http/default.rb:66:in `request'
	from /Users/Jonathan/.rvm/rubies/ruby-1.9.3-p374/lib/ruby/gems/1.9.1/gems/selenium-webdriver-2.29.0/lib/selenium/webdriver/remote/http/common.rb:40:in `call'
	from /Users/Jonathan/.rvm/rubies/ruby-1.9.3-p374/lib/ruby/gems/1.9.1/gems/selenium-webdriver-2.29.0/lib/selenium/webdriver/remote/bridge.rb:615:in `raw_execute'
	from /Users/Jonathan/.rvm/rubies/ruby-1.9.3-p374/lib/ruby/gems/1.9.1/gems/selenium-webdriver-2.29.0/lib/selenium/webdriver/remote/bridge.rb:593:in `execute'
	from /Users/Jonathan/.rvm/rubies/ruby-1.9.3-p374/lib/ruby/gems/1.9.1/gems/selenium-webdriver-2.29.0/lib/selenium/webdriver/remote/bridge.rb:183:in `switchToDefaultContent'
	from /Users/Jonathan/.rvm/rubies/ruby-1.9.3-p374/lib/ruby/gems/1.9.1/gems/selenium-webdriver-2.29.0/lib/selenium/webdriver/common/target_locator.rb:68:in `default_content'
	from /Users/Jonathan/.rvm/rubies/ruby-1.9.3-p374/lib/ruby/gems/1.9.1/gems/watir-webdriver-0.6.2/lib/watir-webdriver/browser.rb:366:in `assert_exists'
	from /Users/Jonathan/.rvm/rubies/ruby-1.9.3-p374/lib/ruby/gems/1.9.1/gems/watir-webdriver-0.6.2/lib/watir-webdriver/elements/element.rb:508:in `locate'
	from /Users/Jonathan/.rvm/rubies/ruby-1.9.3-p374/lib/ruby/gems/1.9.1/gems/watir-webdriver-0.6.2/lib/watir-webdriver/elements/element.rb:487:in `assert_exists'
	from /Users/Jonathan/.rvm/rubies/ruby-1.9.3-p374/lib/ruby/gems/1.9.1/gems/watir-webdriver-0.6.2/lib/watir-webdriver/elements/element.rb:85:in `text'
	from /Users/Jonathan/Desktop/eecs350/permission_upload.rb:19:in `block in <main>'
	from /Users/Jonathan/Desktop/eecs350/permission_upload.rb:13:in `each'
	from /Users/Jonathan/Desktop/eecs350/permission_upload.rb:13:in `<main>'
[remote server] file:///tmp/webdriver-profile20130220-22061-1eaqxhz/extensions/fxdriver@googlecode.com/components/command_processor.js:10296:in `unknown': Window not found. The browser window may have been closed. (Selenium::WebDriver::Error::NoSuchWindowError)
	from [remote server] file:///tmp/webdriver-profile20130220-22061-1eaqxhz/extensions/fxdriver@googlecode.com/components/driver_component.js:7328:in `unknown'
	from [remote server] file:///tmp/webdriver-profile20130220-22061-1eaqxhz/extensions/fxdriver@googlecode.com/components/driver_component.js:7488:in `unknown'
	from [remote server] file:///tmp/webdriver-profile20130220-22061-1eaqxhz/extensions/fxdriver@googlecode.com/components/driver_component.js:7435:in `unknown'
	from [remote server] file:///tmp/webdriver-profile20130220-22061-1eaqxhz/extensions/fxdriver@googlecode.com/components/driver_component.js:10123:in `unknown'
	from [remote server] file:///tmp/webdriver-profile20130220-22061-1eaqxhz/extensions/fxdriver@googlecode.com/components/httpd.js:1935:in `unknown'
	from [remote server] file:///tmp/webdriver-profile20130220-22061-1eaqxhz/extensions/fxdriver@googlecode.com/components/httpd.js:2261:in `unknown'
	from [remote server] file:///tmp/webdriver-profile20130220-22061-1eaqxhz/extensions/fxdriver@googlecode.com/components/httpd.js:1168:in `unknown'
	from [remote server] file:///tmp/webdriver-profile20130220-22061-1eaqxhz/extensions/fxdriver@googlecode.com/components/httpd.js:1616:in `unknown'
	from [remote server] file:///tmp/webdriver-profile20130220-22061-1eaqxhz/extensions/fxdriver@googlecode.com/components/httpd.js:1464:in `unknown'
	from [remote server] file:///tmp/webdriver-profile20130220-22061-1eaqxhz/extensions/fxdriver@googlecode.com/components/httpd.js:1333:in `unknown'
	from /Users/Jonathan/.rvm/rubies/ruby-1.9.3-p374/lib/ruby/gems/1.9.1/gems/selenium-webdriver-2.29.0/lib/selenium/webdriver/remote/response.rb:52:in `assert_ok'
	from /Users/Jonathan/.rvm/rubies/ruby-1.9.3-p374/lib/ruby/gems/1.9.1/gems/selenium-webdriver-2.29.0/lib/selenium/webdriver/remote/response.rb:15:in `initialize'
	from /Users/Jonathan/.rvm/rubies/ruby-1.9.3-p374/lib/ruby/gems/1.9.1/gems/selenium-webdriver-2.29.0/lib/selenium/webdriver/remote/http/common.rb:59:in `new'
	from /Users/Jonathan/.rvm/rubies/ruby-1.9.3-p374/lib/ruby/gems/1.9.1/gems/selenium-webdriver-2.29.0/lib/selenium/webdriver/remote/http/common.rb:59:in `create_response'
	from /Users/Jonathan/.rvm/rubies/ruby-1.9.3-p374/lib/ruby/gems/1.9.1/gems/selenium-webdriver-2.29.0/lib/selenium/webdriver/remote/http/default.rb:66:in `request'
	from /Users/Jonathan/.rvm/rubies/ruby-1.9.3-p374/lib/ruby/gems/1.9.1/gems/selenium-webdriver-2.29.0/lib/selenium/webdriver/remote/http/common.rb:40:in `call'
	from /Users/Jonathan/.rvm/rubies/ruby-1.9.3-p374/lib/ruby/gems/1.9.1/gems/selenium-webdriver-2.29.0/lib/selenium/webdriver/remote/bridge.rb:615:in `raw_execute'
	from /Users/Jonathan/.rvm/rubies/ruby-1.9.3-p374/lib/ruby/gems/1.9.1/gems/selenium-webdriver-2.29.0/lib/selenium/webdriver/remote/bridge.rb:593:in `execute'
	from /Users/Jonathan/.rvm/rubies/ruby-1.9.3-p374/lib/ruby/gems/1.9.1/gems/selenium-webdriver-2.29.0/lib/selenium/webdriver/remote/bridge.rb:183:in `switchToDefaultContent'
	from /Users/Jonathan/.rvm/rubies/ruby-1.9.3-p374/lib/ruby/gems/1.9.1/gems/selenium-webdriver-2.29.0/lib/selenium/webdriver/common/target_locator.rb:68:in `default_content'
	from /Users/Jonathan/.rvm/rubies/ruby-1.9.3-p374/lib/ruby/gems/1.9.1/gems/watir-webdriver-0.6.2/lib/watir-webdriver/browser.rb:366:in `assert_exists'
	from /Users/Jonathan/.rvm/rubies/ruby-1.9.3-p374/lib/ruby/gems/1.9.1/gems/watir-webdriver-0.6.2/lib/watir-webdriver/elements/element.rb:508:in `locate'
	from /Users/Jonathan/.rvm/rubies/ruby-1.9.3-p374/lib/ruby/gems/1.9.1/gems/watir-webdriver-0.6.2/lib/watir-webdriver/elements/element.rb:487:in `assert_exists'
	from /Users/Jonathan/.rvm/rubies/ruby-1.9.3-p374/lib/ruby/gems/1.9.1/gems/watir-webdriver-0.6.2/lib/watir-webdriver/elements/element.rb:85:in `text'
	from /Users/Jonathan/Desktop/eecs350/permission_upload.rb:19:in `block in <main>'
	from /Users/Jonathan/Desktop/eecs350/permission_upload.rb:13:in `each'
	from /Users/Jonathan/Desktop/eecs350/permission_upload.rb:13:in `<main>'
[remote server] file:///tmp/webdriver-profile20130220-22080-19m5p1/extensions/fxdriver@googlecode.com/components/command_processor.js:10296:in `unknown': Window not found. The browser window may have been closed. (Selenium::WebDriver::Error::NoSuchWindowError)
	from [remote server] file:///tmp/webdriver-profile20130220-22080-19m5p1/extensions/fxdriver@googlecode.com/components/driver_component.js:7328:in `unknown'
	from [remote server] file:///tmp/webdriver-profile20130220-22080-19m5p1/extensions/fxdriver@googlecode.com/components/driver_component.js:7488:in `unknown'
	from [remote server] file:///tmp/webdriver-profile20130220-22080-19m5p1/extensions/fxdriver@googlecode.com/components/driver_component.js:7435:in `unknown'
	from [remote server] file:///tmp/webdriver-profile20130220-22080-19m5p1/extensions/fxdriver@googlecode.com/components/driver_component.js:10123:in `unknown'
	from [remote server] file:///tmp/webdriver-profile20130220-22080-19m5p1/extensions/fxdriver@googlecode.com/components/httpd.js:1935:in `unknown'
	from [remote server] file:///tmp/webdriver-profile20130220-22080-19m5p1/extensions/fxdriver@googlecode.com/components/httpd.js:2261:in `unknown'
	from [remote server] file:///tmp/webdriver-profile20130220-22080-19m5p1/extensions/fxdriver@googlecode.com/components/httpd.js:1168:in `unknown'
	from [remote server] file:///tmp/webdriver-profile20130220-22080-19m5p1/extensions/fxdriver@googlecode.com/components/httpd.js:1616:in `unknown'
	from [remote server] file:///tmp/webdriver-profile20130220-22080-19m5p1/extensions/fxdriver@googlecode.com/components/httpd.js:1464:in `unknown'
	from [remote server] file:///tmp/webdriver-profile20130220-22080-19m5p1/extensions/fxdriver@googlecode.com/components/httpd.js:1333:in `unknown'
	from /Users/Jonathan/.rvm/rubies/ruby-1.9.3-p374/lib/ruby/gems/1.9.1/gems/selenium-webdriver-2.29.0/lib/selenium/webdriver/remote/response.rb:52:in `assert_ok'
	from /Users/Jonathan/.rvm/rubies/ruby-1.9.3-p374/lib/ruby/gems/1.9.1/gems/selenium-webdriver-2.29.0/lib/selenium/webdriver/remote/response.rb:15:in `initialize'
	from /Users/Jonathan/.rvm/rubies/ruby-1.9.3-p374/lib/ruby/gems/1.9.1/gems/selenium-webdriver-2.29.0/lib/selenium/webdriver/remote/http/common.rb:59:in `new'
	from /Users/Jonathan/.rvm/rubies/ruby-1.9.3-p374/lib/ruby/gems/1.9.1/gems/selenium-webdriver-2.29.0/lib/selenium/webdriver/remote/http/common.rb:59:in `create_response'
	from /Users/Jonathan/.rvm/rubies/ruby-1.9.3-p374/lib/ruby/gems/1.9.1/gems/selenium-webdriver-2.29.0/lib/selenium/webdriver/remote/http/default.rb:66:in `request'
	from /Users/Jonathan/.rvm/rubies/ruby-1.9.3-p374/lib/ruby/gems/1.9.1/gems/selenium-webdriver-2.29.0/lib/selenium/webdriver/remote/http/common.rb:40:in `call'
	from /Users/Jonathan/.rvm/rubies/ruby-1.9.3-p374/lib/ruby/gems/1.9.1/gems/selenium-webdriver-2.29.0/lib/selenium/webdriver/remote/bridge.rb:615:in `raw_execute'
	from /Users/Jonathan/.rvm/rubies/ruby-1.9.3-p374/lib/ruby/gems/1.9.1/gems/selenium-webdriver-2.29.0/lib/selenium/webdriver/remote/bridge.rb:593:in `execute'
	from /Users/Jonathan/.rvm/rubies/ruby-1.9.3-p374/lib/ruby/gems/1.9.1/gems/selenium-webdriver-2.29.0/lib/selenium/webdriver/remote/bridge.rb:183:in `switchToDefaultContent'
	from /Users/Jonathan/.rvm/rubies/ruby-1.9.3-p374/lib/ruby/gems/1.9.1/gems/selenium-webdriver-2.29.0/lib/selenium/webdriver/common/target_locator.rb:68:in `default_content'
	from /Users/Jonathan/.rvm/rubies/ruby-1.9.3-p374/lib/ruby/gems/1.9.1/gems/watir-webdriver-0.6.2/lib/watir-webdriver/browser.rb:366:in `assert_exists'
	from /Users/Jonathan/.rvm/rubies/ruby-1.9.3-p374/lib/ruby/gems/1.9.1/gems/watir-webdriver-0.6.2/lib/watir-webdriver/elements/element.rb:508:in `locate'
	from /Users/Jonathan/.rvm/rubies/ruby-1.9.3-p374/lib/ruby/gems/1.9.1/gems/watir-webdriver-0.6.2/lib/watir-webdriver/elements/element.rb:487:in `assert_exists'
	from /Users/Jonathan/.rvm/rubies/ruby-1.9.3-p374/lib/ruby/gems/1.9.1/gems/watir-webdriver-0.6.2/lib/watir-webdriver/elements/element.rb:85:in `text'
	from /Users/Jonathan/Desktop/eecs350/permission_upload.rb:19:in `block in <main>'
	from /Users/Jonathan/Desktop/eecs350/permission_upload.rb:13:in `each'
	from /Users/Jonathan/Desktop/eecs350/permission_upload.rb:13:in `<main>'
[remote server] file:///tmp/webdriver-profile20130220-22102-crp62o/extensions/fxdriver@googlecode.com/components/command_processor.js:10296:in `unknown': Window not found. The browser window may have been closed. (Selenium::WebDriver::Error::NoSuchWindowError)
	from [remote server] file:///tmp/webdriver-profile20130220-22102-crp62o/extensions/fxdriver@googlecode.com/components/driver_component.js:7328:in `unknown'
	from [remote server] file:///tmp/webdriver-profile20130220-22102-crp62o/extensions/fxdriver@googlecode.com/components/driver_component.js:7488:in `unknown'
	from [remote server] file:///tmp/webdriver-profile20130220-22102-crp62o/extensions/fxdriver@googlecode.com/components/driver_component.js:7435:in `unknown'
	from [remote server] file:///tmp/webdriver-profile20130220-22102-crp62o/extensions/fxdriver@googlecode.com/components/driver_component.js:10123:in `unknown'
	from [remote server] file:///tmp/webdriver-profile20130220-22102-crp62o/extensions/fxdriver@googlecode.com/components/httpd.js:1935:in `unknown'
	from [remote server] file:///tmp/webdriver-profile20130220-22102-crp62o/extensions/fxdriver@googlecode.com/components/httpd.js:2261:in `unknown'
	from [remote server] file:///tmp/webdriver-profile20130220-22102-crp62o/extensions/fxdriver@googlecode.com/components/httpd.js:1168:in `unknown'
	from [remote server] file:///tmp/webdriver-profile20130220-22102-crp62o/extensions/fxdriver@googlecode.com/components/httpd.js:1616:in `unknown'
	from [remote server] file:///tmp/webdriver-profile20130220-22102-crp62o/extensions/fxdriver@googlecode.com/components/httpd.js:1464:in `unknown'
	from [remote server] file:///tmp/webdriver-profile20130220-22102-crp62o/extensions/fxdriver@googlecode.com/components/httpd.js:1333:in `unknown'
	from /Users/Jonathan/.rvm/rubies/ruby-1.9.3-p374/lib/ruby/gems/1.9.1/gems/selenium-webdriver-2.29.0/lib/selenium/webdriver/remote/response.rb:52:in `assert_ok'
	from /Users/Jonathan/.rvm/rubies/ruby-1.9.3-p374/lib/ruby/gems/1.9.1/gems/selenium-webdriver-2.29.0/lib/selenium/webdriver/remote/response.rb:15:in `initialize'
	from /Users/Jonathan/.rvm/rubies/ruby-1.9.3-p374/lib/ruby/gems/1.9.1/gems/selenium-webdriver-2.29.0/lib/selenium/webdriver/remote/http/common.rb:59:in `new'
	from /Users/Jonathan/.rvm/rubies/ruby-1.9.3-p374/lib/ruby/gems/1.9.1/gems/selenium-webdriver-2.29.0/lib/selenium/webdriver/remote/http/common.rb:59:in `create_response'
	from /Users/Jonathan/.rvm/rubies/ruby-1.9.3-p374/lib/ruby/gems/1.9.1/gems/selenium-webdriver-2.29.0/lib/selenium/webdriver/remote/http/default.rb:66:in `request'
	from /Users/Jonathan/.rvm/rubies/ruby-1.9.3-p374/lib/ruby/gems/1.9.1/gems/selenium-webdriver-2.29.0/lib/selenium/webdriver/remote/http/common.rb:40:in `call'
	from /Users/Jonathan/.rvm/rubies/ruby-1.9.3-p374/lib/ruby/gems/1.9.1/gems/selenium-webdriver-2.29.0/lib/selenium/webdriver/remote/bridge.rb:615:in `raw_execute'
	from /Users/Jonathan/.rvm/rubies/ruby-1.9.3-p374/lib/ruby/gems/1.9.1/gems/selenium-webdriver-2.29.0/lib/selenium/webdriver/remote/bridge.rb:593:in `execute'
	from /Users/Jonathan/.rvm/rubies/ruby-1.9.3-p374/lib/ruby/gems/1.9.1/gems/selenium-webdriver-2.29.0/lib/selenium/webdriver/remote/bridge.rb:183:in `switchToDefaultContent'
	from /Users/Jonathan/.rvm/rubies/ruby-1.9.3-p374/lib/ruby/gems/1.9.1/gems/selenium-webdriver-2.29.0/lib/selenium/webdriver/common/target_locator.rb:68:in `default_content'
	from /Users/Jonathan/.rvm/rubies/ruby-1.9.3-p374/lib/ruby/gems/1.9.1/gems/watir-webdriver-0.6.2/lib/watir-webdriver/browser.rb:366:in `assert_exists'
	from /Users/Jonathan/.rvm/rubies/ruby-1.9.3-p374/lib/ruby/gems/1.9.1/gems/watir-webdriver-0.6.2/lib/watir-webdriver/elements/element.rb:508:in `locate'
	from /Users/Jonathan/.rvm/rubies/ruby-1.9.3-p374/lib/ruby/gems/1.9.1/gems/watir-webdriver-0.6.2/lib/watir-webdriver/elements/element.rb:487:in `assert_exists'
	from /Users/Jonathan/.rvm/rubies/ruby-1.9.3-p374/lib/ruby/gems/1.9.1/gems/watir-webdriver-0.6.2/lib/watir-webdriver/elements/element.rb:85:in `text'
	from /Users/Jonathan/Desktop/eecs350/permission_upload.rb:19:in `block in <main>'
	from /Users/Jonathan/Desktop/eecs350/permission_upload.rb:13:in `each'
	from /Users/Jonathan/Desktop/eecs350/permission_upload.rb:13:in `<main>'
/Users/Jonathan/.rvm/rubies/ruby-1.9.3-p374/lib/ruby/1.9.1/net/protocol.rb:141:in `read_nonblock': end of file reached (EOFError)
	from /Users/Jonathan/.rvm/rubies/ruby-1.9.3-p374/lib/ruby/1.9.1/net/protocol.rb:141:in `rbuf_fill'
	from /Users/Jonathan/.rvm/rubies/ruby-1.9.3-p374/lib/ruby/1.9.1/net/protocol.rb:122:in `readuntil'
	from /Users/Jonathan/.rvm/rubies/ruby-1.9.3-p374/lib/ruby/1.9.1/net/protocol.rb:132:in `readline'
	from /Users/Jonathan/.rvm/rubies/ruby-1.9.3-p374/lib/ruby/1.9.1/net/http.rb:2562:in `read_status_line'
	from /Users/Jonathan/.rvm/rubies/ruby-1.9.3-p374/lib/ruby/1.9.1/net/http.rb:2551:in `read_new'
	from /Users/Jonathan/.rvm/rubies/ruby-1.9.3-p374/lib/ruby/1.9.1/net/http.rb:1319:in `block in transport_request'
	from /Users/Jonathan/.rvm/rubies/ruby-1.9.3-p374/lib/ruby/1.9.1/net/http.rb:1316:in `catch'
	from /Users/Jonathan/.rvm/rubies/ruby-1.9.3-p374/lib/ruby/1.9.1/net/http.rb:1316:in `transport_request'
	from /Users/Jonathan/.rvm/rubies/ruby-1.9.3-p374/lib/ruby/1.9.1/net/http.rb:1293:in `request'
	from /Users/Jonathan/.rvm/rubies/ruby-1.9.3-p374/lib/ruby/1.9.1/net/http.rb:1286:in `block in request'
	from /Users/Jonathan/.rvm/rubies/ruby-1.9.3-p374/lib/ruby/1.9.1/net/http.rb:745:in `start'
	from /Users/Jonathan/.rvm/rubies/ruby-1.9.3-p374/lib/ruby/1.9.1/net/http.rb:1284:in `request'
	from /Users/Jonathan/.rvm/rubies/ruby-1.9.3-p374/lib/ruby/gems/1.9.1/gems/selenium-webdriver-2.29.0/lib/selenium/webdriver/remote/http/default.rb:83:in `response_for'
	from /Users/Jonathan/.rvm/rubies/ruby-1.9.3-p374/lib/ruby/gems/1.9.1/gems/selenium-webdriver-2.29.0/lib/selenium/webdriver/remote/http/default.rb:39:in `request'
	from /Users/Jonathan/.rvm/rubies/ruby-1.9.3-p374/lib/ruby/gems/1.9.1/gems/selenium-webdriver-2.29.0/lib/selenium/webdriver/remote/http/common.rb:40:in `call'
	from /Users/Jonathan/.rvm/rubies/ruby-1.9.3-p374/lib/ruby/gems/1.9.1/gems/selenium-webdriver-2.29.0/lib/selenium/webdriver/remote/bridge.rb:615:in `raw_execute'
	from /Users/Jonathan/.rvm/rubies/ruby-1.9.3-p374/lib/ruby/gems/1.9.1/gems/selenium-webdriver-2.29.0/lib/selenium/webdriver/remote/bridge.rb:593:in `execute'
	from /Users/Jonathan/.rvm/rubies/ruby-1.9.3-p374/lib/ruby/gems/1.9.1/gems/selenium-webdriver-2.29.0/lib/selenium/webdriver/remote/bridge.rb:99:in `get'
	from /Users/Jonathan/.rvm/rubies/ruby-1.9.3-p374/lib/ruby/gems/1.9.1/gems/selenium-webdriver-2.29.0/lib/selenium/webdriver/common/navigation.rb:14:in `to'
	from /Users/Jonathan/.rvm/rubies/ruby-1.9.3-p374/lib/ruby/gems/1.9.1/gems/watir-webdriver-0.6.2/lib/watir-webdriver/browser.rb:77:in `goto'
	from /Users/Jonathan/Desktop/eecs350/permission_upload.rb:8:in `<main>'
[remote server] file:///tmp/webdriver-profile20130220-22132-c7ln7s/extensions/fxdriver@googlecode.com/components/command_processor.js:10296:in `unknown': Window not found. The browser window may have been closed. (Selenium::WebDriver::Error::NoSuchWindowError)
	from [remote server] file:///tmp/webdriver-profile20130220-22132-c7ln7s/extensions/fxdriver@googlecode.com/components/driver_component.js:7328:in `unknown'
	from [remote server] file:///tmp/webdriver-profile20130220-22132-c7ln7s/extensions/fxdriver@googlecode.com/components/driver_component.js:7488:in `unknown'
	from [remote server] file:///tmp/webdriver-profile20130220-22132-c7ln7s/extensions/fxdriver@googlecode.com/components/driver_component.js:7435:in `unknown'
	from [remote server] file:///tmp/webdriver-profile20130220-22132-c7ln7s/extensions/fxdriver@googlecode.com/components/driver_component.js:10123:in `unknown'
	from [remote server] file:///tmp/webdriver-profile20130220-22132-c7ln7s/extensions/fxdriver@googlecode.com/components/httpd.js:1935:in `unknown'
	from [remote server] file:///tmp/webdriver-profile20130220-22132-c7ln7s/extensions/fxdriver@googlecode.com/components/httpd.js:2261:in `unknown'
	from [remote server] file:///tmp/webdriver-profile20130220-22132-c7ln7s/extensions/fxdriver@googlecode.com/components/httpd.js:1168:in `unknown'
	from [remote server] file:///tmp/webdriver-profile20130220-22132-c7ln7s/extensions/fxdriver@googlecode.com/components/httpd.js:1616:in `unknown'
	from [remote server] file:///tmp/webdriver-profile20130220-22132-c7ln7s/extensions/fxdriver@googlecode.com/components/httpd.js:1464:in `unknown'
	from [remote server] file:///tmp/webdriver-profile20130220-22132-c7ln7s/extensions/fxdriver@googlecode.com/components/httpd.js:1333:in `unknown'
	from /Users/Jonathan/.rvm/rubies/ruby-1.9.3-p374/lib/ruby/gems/1.9.1/gems/selenium-webdriver-2.29.0/lib/selenium/webdriver/remote/response.rb:52:in `assert_ok'
	from /Users/Jonathan/.rvm/rubies/ruby-1.9.3-p374/lib/ruby/gems/1.9.1/gems/selenium-webdriver-2.29.0/lib/selenium/webdriver/remote/response.rb:15:in `initialize'
	from /Users/Jonathan/.rvm/rubies/ruby-1.9.3-p374/lib/ruby/gems/1.9.1/gems/selenium-webdriver-2.29.0/lib/selenium/webdriver/remote/http/common.rb:59:in `new'
	from /Users/Jonathan/.rvm/rubies/ruby-1.9.3-p374/lib/ruby/gems/1.9.1/gems/selenium-webdriver-2.29.0/lib/selenium/webdriver/remote/http/common.rb:59:in `create_response'
	from /Users/Jonathan/.rvm/rubies/ruby-1.9.3-p374/lib/ruby/gems/1.9.1/gems/selenium-webdriver-2.29.0/lib/selenium/webdriver/remote/http/default.rb:66:in `request'
	from /Users/Jonathan/.rvm/rubies/ruby-1.9.3-p374/lib/ruby/gems/1.9.1/gems/selenium-webdriver-2.29.0/lib/selenium/webdriver/remote/http/common.rb:40:in `call'
	from /Users/Jonathan/.rvm/rubies/ruby-1.9.3-p374/lib/ruby/gems/1.9.1/gems/selenium-webdriver-2.29.0/lib/selenium/webdriver/remote/bridge.rb:615:in `raw_execute'
	from /Users/Jonathan/.rvm/rubies/ruby-1.9.3-p374/lib/ruby/gems/1.9.1/gems/selenium-webdriver-2.29.0/lib/selenium/webdriver/remote/bridge.rb:593:in `execute'
	from /Users/Jonathan/.rvm/rubies/ruby-1.9.3-p374/lib/ruby/gems/1.9.1/gems/selenium-webdriver-2.29.0/lib/selenium/webdriver/remote/bridge.rb:183:in `switchToDefaultContent'
	from /Users/Jonathan/.rvm/rubies/ruby-1.9.3-p374/lib/ruby/gems/1.9.1/gems/selenium-webdriver-2.29.0/lib/selenium/webdriver/common/target_locator.rb:68:in `default_content'
	from /Users/Jonathan/.rvm/rubies/ruby-1.9.3-p374/lib/ruby/gems/1.9.1/gems/watir-webdriver-0.6.2/lib/watir-webdriver/browser.rb:366:in `assert_exists'
	from /Users/Jonathan/.rvm/rubies/ruby-1.9.3-p374/lib/ruby/gems/1.9.1/gems/watir-webdriver-0.6.2/lib/watir-webdriver/elements/element.rb:508:in `locate'
	from /Users/Jonathan/.rvm/rubies/ruby-1.9.3-p374/lib/ruby/gems/1.9.1/gems/watir-webdriver-0.6.2/lib/watir-webdriver/elements/element.rb:487:in `assert_exists'
	from /Users/Jonathan/.rvm/rubies/ruby-1.9.3-p374/lib/ruby/gems/1.9.1/gems/watir-webdriver-0.6.2/lib/watir-webdriver/elements/element.rb:85:in `text'
	from /Users/Jonathan/Desktop/eecs350/permission_upload.rb:19:in `block in <main>'
	from /Users/Jonathan/Desktop/eecs350/permission_upload.rb:13:in `each'
	from /Users/Jonathan/Desktop/eecs350/permission_upload.rb:13:in `<main>'
